<?xml version="1.0" encoding="UTF-8"?>
<!-- Generated by org.testng.reporters.JUnitReportReporter -->
<testsuite skipped="0" hostname="DESKTOP-T1GQG3J" name="com.org.ui.tests.GoogleTest" tests="1" failures="0" timestamp="07 Apr 2019 15:08:23 GMT" time="8.835" errors="0">
  <testcase name="testGoogleSearch" time="8.835" classname="com.org.ui.tests.GoogleTest"/>
</testsuite> <!-- com.org.ui.tests.GoogleTest -->
